Removed Pin From Net: NetName=VBAT Pin=J2-1
Removed Pin From Net: NetName=PC13 Pin=J2-2
Removed Pin From Net: NetName=PC14 Pin=J2-3
Removed Pin From Net: NetName=PC15 Pin=J2-4
Removed Pin From Net: NetName=PA0 Pin=J2-5
Removed Pin From Net: NetName=PA1 Pin=J2-6
Removed Pin From Net: NetName=PA2 Pin=J2-7
Removed Pin From Net: NetName=PA3 Pin=J2-8
Removed Pin From Net: NetName=PA4 Pin=J2-9
Removed Pin From Net: NetName=PA5 Pin=J2-10
Removed Pin From Net: NetName=PA6 Pin=J2-11
Removed Pin From Net: NetName=PA7 Pin=J2-12
Removed Pin From Net: NetName=PB0 Pin=J2-13
Removed Pin From Net: NetName=PB1 Pin=J2-14
Removed Pin From Net: NetName=PB10 Pin=J2-15
Removed Pin From Net: NetName=PB11 Pin=J2-16
Removed Pin From Net: NetName=NRST Pin=J2-17
Removed Pin From Net: NetName=3V3 Pin=J2-18
Removed Pin From Net: NetName=GND Pin=J2-19
Removed Pin From Net: NetName=GND Pin=J2-20
Added Component: Designator=C8(C0805)
Add component (AddParameter): Name = "Value"; Value = "104"; VariantName = "[No Variations]"
Added Pin To Net: NetName=GND Pin=C8-1
Added Pin To Net: NetName=3V3 Pin=C8-2
Added Pin To Net: NetName=GND Pin=J2-1
Added Pin To Net: NetName=GND Pin=J2-2
Added Pin To Net: NetName=3V3 Pin=J2-3
Added Pin To Net: NetName=NRST Pin=J2-4
Added Pin To Net: NetName=PB11 Pin=J2-5
Added Pin To Net: NetName=PB10 Pin=J2-6
Added Pin To Net: NetName=PB1 Pin=J2-7
Added Pin To Net: NetName=PB0 Pin=J2-8
Added Pin To Net: NetName=PA7 Pin=J2-9
Added Pin To Net: NetName=PA6 Pin=J2-10
Added Pin To Net: NetName=PA5 Pin=J2-11
Added Pin To Net: NetName=PA4 Pin=J2-12
Added Pin To Net: NetName=PA3 Pin=J2-13
Added Pin To Net: NetName=PA2 Pin=J2-14
Added Pin To Net: NetName=PA1 Pin=J2-15
Added Pin To Net: NetName=PA0 Pin=J2-16
Added Pin To Net: NetName=PC15 Pin=J2-17
Added Pin To Net: NetName=PC14 Pin=J2-18
Added Pin To Net: NetName=PC13 Pin=J2-19
Added Pin To Net: NetName=VBAT Pin=J2-20
Added Member To Class: ClassName=Bluepill Member=Component C8 Capacitor
