Removed Pin From Net: NetName=PC14 Pin=X1-1
Removed Pin From Net: NetName=PC15 Pin=X1-3
Removed Pin From Net: NetName=OSC_IN Pin=X2-1
Removed Pin From Net: NetName=OSC_OUT Pin=X2-3
Removed Member From Class: ClassName=Bluepill Member=X1
Removed Member From Class: ClassName=Bluepill Member=X2
Change Component Designator: OldDesignator=   NewDesignator=P1
Change Component Designator: OldDesignator=  NewDesignator=R3
Added Component: Designator=Y1(XT2)
Add component (AddParameter): Name = "LatestRevisionDate"; Value = "17-Jul-2002"; VariantName = "[No Variations]"
Add component (AddParameter): Name = "LatestRevisionNote"; Value = "Re-released for DXP Platform."; VariantName = "[No Variations]"
Add component (AddParameter): Name = "PackageDescription"; Value = "Crystal, Thru-Hole; 2 Leads; Body 3.1 x 8.2 mm (Dia.xH)"; VariantName = "[No Variations]"
Add component (AddParameter): Name = "PackageReference"; Value = "R38"; VariantName = "[No Variations]"
Add component (AddParameter): Name = "Published"; Value = "8-Jun-2000"; VariantName = "[No Variations]"
Add component (AddParameter): Name = "Publisher"; Value = "Altium Limited"; VariantName = "[No Variations]"
Added Component: Designator=Y2(XT2)
Add component (AddParameter): Name = "LatestRevisionDate"; Value = "17-Jul-2002"; VariantName = "[No Variations]"
Add component (AddParameter): Name = "LatestRevisionNote"; Value = "Re-released for DXP Platform."; VariantName = "[No Variations]"
Add component (AddParameter): Name = "PackageDescription"; Value = "Crystal, Thru-Hole; 2 Leads; Body 3.1 x 8.2 mm (Dia.xH)"; VariantName = "[No Variations]"
Add component (AddParameter): Name = "PackageReference"; Value = "R38"; VariantName = "[No Variations]"
Add component (AddParameter): Name = "Published"; Value = "8-Jun-2000"; VariantName = "[No Variations]"
Add component (AddParameter): Name = "Publisher"; Value = "Altium Limited"; VariantName = "[No Variations]"
Added Pin To Net: NetName=PC15 Pin=Y1-1
Added Pin To Net: NetName=PC14 Pin=Y1-2
Added Pin To Net: NetName=OSC_OUT Pin=Y2-1
Added Pin To Net: NetName=OSC_IN Pin=Y2-2
Added Member To Class: ClassName=Bluepill Member=Component Y1 XTAL
Added Member To Class: ClassName=Bluepill Member=Component Y2 XTAL
